-------------------------------------------------------------------------------
Test set: employeeAPI.DepartmentServiceTest
-------------------------------------------------------------------------------
Tests run: 4, Failures: 0, Errors: 1, Skipped: 0, Time elapsed: 15.626 s <<< FAILURE! - in employeeAPI.DepartmentServiceTest
createDepartment(employeeAPI.DepartmentServiceTest)  Time elapsed: 0.049 s  <<< ERROR!
java.lang.IllegalStateException: Failed to load ApplicationContext
Caused by: java.lang.IllegalStateException: Failed to execute ApplicationRunner
Caused by: org.springframework.dao.DataIntegrityViolationException: 
could not execute statement; SQL [n/a]; constraint ["FKGY4QE3DNQRM3KTD76SXP7N4C2: PUBLIC.EMPLOYEES FOREIGN KEY(DEPARTMENT_ID) REFERENCES PUBLIC.DEPARTMENTS(DEPARTMENT_ID) (1)"; SQL statement:
delete from departments where department_id=? [23503-197]]; nested exception is org.hibernate.exception.ConstraintViolationException: could not execute statement
Caused by: org.hibernate.exception.ConstraintViolationException: could not execute statement
Caused by: org.h2.jdbc.JdbcSQLException: 
Referential integrity constraint violation: "FKGY4QE3DNQRM3KTD76SXP7N4C2: PUBLIC.EMPLOYEES FOREIGN KEY(DEPARTMENT_ID) REFERENCES PUBLIC.DEPARTMENTS(DEPARTMENT_ID) (1)"; SQL statement:
delete from departments where department_id=? [23503-197]

