GROUP,PACKAGE,CLASS,INSTRUCTION_MISSED,INSTRUCTION_COVERED,BRANCH_MISSED,BRANCH_COVERED,LINE_MISSED,LINE_COVERED,COMPLEXITY_MISSED,COMPLEXITY_COVERED,METHOD_MISSED,METHOD_COVERED
Coverage with JaCoCo,com.innovationae.employees.utils,UniqueEmailValidator,9,3,2,0,1,1,2,1,1,1
Coverage with JaCoCo,com.innovationae.employees.utils,ObjectMapperUtils,6,28,0,0,2,5,1,4,1,4
Coverage with JaCoCo,com.innovationae.employees,Application,0,8,0,0,0,3,0,2,0,2
Coverage with JaCoCo,com.innovationae.employees.service,DepartmentService,0,87,0,0,0,14,0,7,0,7
Coverage with JaCoCo,com.innovationae.employees.service,EmployeeService,0,183,0,2,0,33,0,10,0,9
Coverage with JaCoCo,com.innovationae.employees.controller,EmployeeController,0,41,0,0,0,8,0,6,0,6
Coverage with JaCoCo,com.innovationae.employees.controller,DepartmentController,0,29,0,0,0,7,0,5,0,5
